c:\users\sorok\source\repos\computervisionmodule\computervisionmodule\x64\release\vc143.pdb
c:\users\sorok\source\repos\computervisionmodule\computervisionmodule\x64\release\dllmain.obj
c:\users\sorok\source\repos\computervisionmodule\computervisionmodule\x64\release\computervisionmodule.obj
c:\users\sorok\source\repos\computervisionmodule\x64\release\computervisionmodule.dll
c:\users\sorok\source\repos\computervisionmodule\computervisionmodule\x64\release\computervisionmodule.ipdb
c:\users\sorok\source\repos\computervisionmodule\x64\release\computervisionmodule.pdb
c:\users\sorok\source\repos\computervisionmodule\computervisionmodule\x64\release\computervisionmodule.iobj
c:\users\sorok\source\repos\computervisionmodule\x64\release\computervisionmodule.lib
c:\users\sorok\source\repos\computervisionmodule\x64\release\computervisionmodule.exp
e:\smartcompanion\dllprojects\computervisionmodule\computervisionmodule\x64\release\computervisionmodule.obj
e:\smartcompanion\dllprojects\computervisionmodule\computervisionmodule\x64\release\dllmain.obj
e:\smartcompanion\dllprojects\computervisionmodule\computervisionmodule\x64\release\computervisionmodule.ipdb
e:\smartcompanion\dllprojects\computervisionmodule\computervisionmodule\x64\release\computervisionmodule.iobj
e:\smartcompanion\dllprojects\computervisionmodule\computervisionmodule\x64\release\vc143.pdb
e:\smartcompanion\dllprojects\computervisionmodule\x64\release\computervisionmodule.pdb
e:\smartcompanion\dllprojects\computervisionmodule\x64\release\computervisionmodule.dll
e:\smartcompanion\dllprojects\computervisionmodule\computervisionmodule\x64\release\computer.01f11572.tlog\cl.command.1.tlog
e:\smartcompanion\dllprojects\computervisionmodule\computervisionmodule\x64\release\computer.01f11572.tlog\cl.items.tlog
e:\smartcompanion\dllprojects\computervisionmodule\computervisionmodule\x64\release\computer.01f11572.tlog\cl.read.1.tlog
e:\smartcompanion\dllprojects\computervisionmodule\computervisionmodule\x64\release\computer.01f11572.tlog\cl.write.1.tlog
e:\smartcompanion\dllprojects\computervisionmodule\computervisionmodule\x64\release\computer.01f11572.tlog\link.command.1.tlog
e:\smartcompanion\dllprojects\computervisionmodule\computervisionmodule\x64\release\computer.01f11572.tlog\link.read.1.tlog
e:\smartcompanion\dllprojects\computervisionmodule\computervisionmodule\x64\release\computer.01f11572.tlog\link.write.1.tlog
e:\smartcompanion\dllprojects\computervisionmodule\computervisionmodule\x64\release\computer.01f11572.tlog\link.write.2u.tlog
